<?xml version="1.0" encoding="UTF-8"?>
<testsuite xmlns:xsi="http://www.w3.org/2001/XMLSchema-instance" xsi:noNamespaceSchemaLocation="https://maven.apache.org/surefire/maven-surefire-plugin/xsd/surefire-test-report-3.0.xsd" version="3.0" name="com.nt.Jrtp701MiniProj01CrudOperationsApplicationTests" time="11.054" tests="1" errors="0" skipped="0" failures="0">
  <properties>
[...]
</properties>
  <testcase name="contextLoads" classname="com.nt.Jrtp701MiniProj01CrudOperationsApplicationTests" time="0.989">
    <system-out><![CDATA[15:01:38.944 [main] INFO org.springframework.test.context.support.AnnotationConfigContextLoaderUtils -- Could not detect default configuration classes for test class [com.nt.Jrtp701MiniProj01CrudOperationsApplicationTests]: Jrtp701MiniProj01CrudOperationsApplicationTests does not declare any static, non-private, non-final, nested classes annotated with @Configuration.
15:01:39.110 [main] INFO org.springframework.boot.test.context.SpringBootTestContextBootstrapper -- Found @SpringBootConfiguration com.nt.Jrtp701MiniProj01CrudOperationsApplication for test class com.nt.Jrtp701MiniProj01CrudOperationsApplicationTests
15:01:39.477 [main] INFO org.springframework.boot.devtools.restart.RestartApplicationListener -- Restart disabled due to context in which it is running
  .   ____          _            __ _ _
 /\\ / ___'_ __ _ _(_)_ __  __ _ \ \ \ \
( ( )\___ | '_ | '_| | '_ \/ _` | \ \ \ \
 \\/  ___)| |_)| | | | | || (_| |  ) ) ) )
  '  |____| .__|_| |_|_| |_\__, | / / / /
 =========|_|==============|___/=/_/_/_/

 :: Spring Boot ::                (v3.3.0)

2024-07-29T15:01:40.353+05:30  INFO 10100 --- [JRTP701-MiniProj01-CRUDOperations] [           main] MiniProj01CrudOperationsApplicationTests : Starting Jrtp701MiniProj01CrudOperationsApplicationTests using Java 17 with PID 10100 (started by Kavita in E:\JRTPPracticalNatrajSir\JRTP701-MiniProj01-CRUD)
2024-07-29T15:01:40.358+05:30  INFO 10100 --- [JRTP701-MiniProj01-CRUDOperations] [           main] MiniProj01CrudOperationsApplicationTests : No active profile set, falling back to 1 default profile: "default"
2024-07-29T15:01:41.921+05:30  INFO 10100 --- [JRTP701-MiniProj01-CRUDOperations] [           main] .s.d.r.c.RepositoryConfigurationDelegate : Bootstrapping Spring Data JPA repositories in DEFAULT mode.
2024-07-29T15:01:42.023+05:30  INFO 10100 --- [JRTP701-MiniProj01-CRUDOperations] [           main] .s.d.r.c.RepositoryConfigurationDelegate : Finished Spring Data repository scanning in 91 ms. Found 2 JPA repository interfaces.
2024-07-29T15:01:42.876+05:30  INFO 10100 --- [JRTP701-MiniProj01-CRUDOperations] [           main] o.hibernate.jpa.internal.util.LogHelper  : HHH000204: Processing PersistenceUnitInfo [name: default]
2024-07-29T15:01:42.979+05:30  INFO 10100 --- [JRTP701-MiniProj01-CRUDOperations] [           main] org.hibernate.Version                    : HHH000412: Hibernate ORM core version 6.5.2.Final
2024-07-29T15:01:43.067+05:30  INFO 10100 --- [JRTP701-MiniProj01-CRUDOperations] [           main] o.h.c.internal.RegionFactoryInitiator    : HHH000026: Second-level cache disabled
2024-07-29T15:01:43.561+05:30  INFO 10100 --- [JRTP701-MiniProj01-CRUDOperations] [           main] o.s.o.j.p.SpringPersistenceUnitInfo      : No LoadTimeWeaver setup: ignoring JPA class transformer
2024-07-29T15:01:43.644+05:30  INFO 10100 --- [JRTP701-MiniProj01-CRUDOperations] [           main] com.zaxxer.hikari.HikariDataSource       : HikariPool-1 - Starting...
2024-07-29T15:01:44.162+05:30  INFO 10100 --- [JRTP701-MiniProj01-CRUDOperations] [           main] com.zaxxer.hikari.pool.HikariPool        : HikariPool-1 - Added connection com.mysql.cj.jdbc.ConnectionImpl@18513c23
2024-07-29T15:01:44.163+05:30  INFO 10100 --- [JRTP701-MiniProj01-CRUDOperations] [           main] com.zaxxer.hikari.HikariDataSource       : HikariPool-1 - Start completed.
2024-07-29T15:01:44.219+05:30  WARN 10100 --- [JRTP701-MiniProj01-CRUDOperations] [           main] org.hibernate.orm.deprecation            : HHH90000025: MySQL8Dialect does not need to be specified explicitly using 'hibernate.dialect' (remove the property setting and it will be selected by default)
2024-07-29T15:01:44.219+05:30  WARN 10100 --- [JRTP701-MiniProj01-CRUDOperations] [           main] org.hibernate.orm.deprecation            : HHH90000026: MySQL8Dialect has been deprecated; use org.hibernate.dialect.MySQLDialect instead
2024-07-29T15:01:45.694+05:30  INFO 10100 --- [JRTP701-MiniProj01-CRUDOperations] [           main] o.h.e.t.j.p.i.JtaPlatformInitiator       : HHH000489: No JTA platform available (set 'hibernate.transaction.jta.platform' to enable JTA platform integration)
2024-07-29T15:01:45.752+05:30  INFO 10100 --- [JRTP701-MiniProj01-CRUDOperations] [           main] j.LocalContainerEntityManagerFactoryBean : Initialized JPA EntityManagerFactory for persistence unit 'default'
messages {save-success=Travel Plan is saved with id value, save-failure=Travel Plan is not saved with value, find-by-id-failure=Travel Plan is not found, update-success=Travel Plan is updated, update-failure=Travel Plan is not found for updation, delete-success=Travel Plan is updated, delete-failure=Travel Plan is not Found, status-change-success=Travel Plan Status is changed, status-change-failure=Travel plan is not found for status change}
2024-07-29T15:01:47.086+05:30  WARN 10100 --- [JRTP701-MiniProj01-CRUDOperations] [           main] JpaBaseConfiguration$JpaWebConfiguration : spring.jpa.open-in-view is enabled by default. Therefore, database queries may be performed during view rendering. Explicitly configure spring.jpa.open-in-view to disable this warning
2024-07-29T15:01:48.713+05:30  INFO 10100 --- [JRTP701-MiniProj01-CRUDOperations] [           main] MiniProj01CrudOperationsApplicationTests : Started Jrtp701MiniProj01CrudOperationsApplicationTests in 9.264 seconds (process running for 10.746)
]]></system-out>
  </testcase>
</testsuite>